[ 2014-10-25T12:10:40+08:00 ] 127.0.0.1 /
INFO: [ app_begin ] --START--
INFO: ReadHtmlCache Behavior ::run [ RunTime:0.001873s ]
INFO: [ app_begin ] --END-- [ RunTime:0.001967s ]
INFO: [ view_parse ] --START--
NOTIC: [8] Undefined index:  uid D:\wwwphpStudy\WWW\core\Runtime\Cache\0f1b6e4c5ba03bcdbb1cce84480281ce.php 第 79 行.
NOTIC: [2] mysql_connect() [<a href='function.mysql-connect'>function.mysql-connect</a>]: Access denied for user 'qqf'@'localhost' (using password: YES) D:\wwwphpStudy\WWW\ThinkPHP\Lib\Driver\Db\DbMysql.class.php 第 55 行.
ERR: Access denied for user 'qqf'@'localhost' (using password: YES)

[ 2014-10-25T12:11:32+08:00 ] 127.0.0.1 /
INFO: [ app_begin ] --START--
INFO: ReadHtmlCache Behavior ::run [ RunTime:0.001697s ]
INFO: [ app_begin ] --END-- [ RunTime:0.001790s ]
INFO: [ view_parse ] --START--
NOTIC: [8] Undefined index:  uid D:\wwwphpStudy\WWW\core\Runtime\Cache\0f1b6e4c5ba03bcdbb1cce84480281ce.php 第 79 行.
SQL: SHOW COLUMNS FROM `tj_members` [ RunTime:0.008066s ]
SQL: SELECT COUNT(*) AS tp_count FROM `tj_members` LIMIT 1   [ RunTime:0.000179s ]
SQL: SHOW COLUMNS FROM `tj_sites` [ RunTime:0.007274s ]
SQL: SELECT COUNT(*) AS tp_count FROM `tj_sites` LIMIT 1   [ RunTime:0.000253s ]
NOTIC: [8] Undefined index:  uid D:\wwwphpStudy\WWW\core\Runtime\Cache\0f1b6e4c5ba03bcdbb1cce84480281ce.php 第 160 行.
INFO: ParseTemplate Behavior ::run [ RunTime:0.054031s ]
INFO: [ view_parse ] --END-- [ RunTime:0.054180s ]
INFO: [ view_filter ] --START--
INFO: ContentReplace Behavior ::run [ RunTime:0.001611s ]
INFO: TokenBuild Behavior ::run [ RunTime:0.001498s ]
INFO: WriteHtmlCache Behavior ::run [ RunTime:0.001495s ]
INFO: ShowRuntime Behavior ::run [ RunTime:0.001677s ]
INFO: [ view_filter ] --END-- [ RunTime:0.006636s ]
INFO: [ view_end ] --START--
INFO: ShowPageTrace Behavior ::run [ RunTime:0.001973s ]
INFO: [ view_end ] --END-- [ RunTime:0.002067s ]

[ 2014-10-25T12:13:07+08:00 ] 127.0.0.1 /
INFO: [ app_begin ] --START--
INFO: ReadHtmlCache Behavior ::run [ RunTime:0.000829s ]
INFO: [ app_begin ] --END-- [ RunTime:0.000921s ]
INFO: [ view_parse ] --START--
NOTIC: [8] Undefined index:  uid D:\wwwphpStudy\WWW\core\Runtime\Cache\0f1b6e4c5ba03bcdbb1cce84480281ce.php 第 79 行.
SQL: SHOW COLUMNS FROM `tj_members` [ RunTime:0.008234s ]
SQL: SELECT COUNT(*) AS tp_count FROM `tj_members` LIMIT 1   [ RunTime:0.000195s ]
SQL: SHOW COLUMNS FROM `tj_sites` [ RunTime:0.008142s ]
SQL: SELECT COUNT(*) AS tp_count FROM `tj_sites` LIMIT 1   [ RunTime:0.000271s ]
NOTIC: [8] Undefined index:  uid D:\wwwphpStudy\WWW\core\Runtime\Cache\0f1b6e4c5ba03bcdbb1cce84480281ce.php 第 160 行.
INFO: ParseTemplate Behavior ::run [ RunTime:0.048116s ]
INFO: [ view_parse ] --END-- [ RunTime:0.048206s ]
INFO: [ view_filter ] --START--
INFO: ContentReplace Behavior ::run [ RunTime:0.000726s ]
INFO: TokenBuild Behavior ::run [ RunTime:0.000632s ]
INFO: WriteHtmlCache Behavior ::run [ RunTime:0.000545s ]
INFO: ShowRuntime Behavior ::run [ RunTime:0.000709s ]
INFO: [ view_filter ] --END-- [ RunTime:0.002813s ]
INFO: [ view_end ] --START--
INFO: ShowPageTrace Behavior ::run [ RunTime:0.002283s ]
INFO: [ view_end ] --END-- [ RunTime:0.002385s ]

[ 2014-10-25T12:25:57+08:00 ] 127.0.0.1 /
INFO: [ app_begin ] --START--
INFO: ReadHtmlCache Behavior ::run [ RunTime:0.001889s ]
INFO: [ app_begin ] --END-- [ RunTime:0.001999s ]
INFO: [ view_parse ] --START--
NOTIC: [8] Undefined index:  uid D:\wwwphpStudy\WWW\core\Runtime\Cache\0f1b6e4c5ba03bcdbb1cce84480281ce.php 第 79 行.
SQL: SHOW COLUMNS FROM `tj_members` [ RunTime:0.008447s ]
SQL: SELECT COUNT(*) AS tp_count FROM `tj_members` LIMIT 1   [ RunTime:0.000178s ]
SQL: SHOW COLUMNS FROM `tj_sites` [ RunTime:0.007541s ]
SQL: SELECT COUNT(*) AS tp_count FROM `tj_sites` LIMIT 1   [ RunTime:0.000165s ]
NOTIC: [8] Undefined index:  uid D:\wwwphpStudy\WWW\core\Runtime\Cache\0f1b6e4c5ba03bcdbb1cce84480281ce.php 第 160 行.
INFO: ParseTemplate Behavior ::run [ RunTime:0.052197s ]
INFO: [ view_parse ] --END-- [ RunTime:0.052292s ]
INFO: [ view_filter ] --START--
INFO: ContentReplace Behavior ::run [ RunTime:0.001259s ]
INFO: TokenBuild Behavior ::run [ RunTime:0.001052s ]
INFO: WriteHtmlCache Behavior ::run [ RunTime:0.000900s ]
INFO: ShowRuntime Behavior ::run [ RunTime:0.001174s ]
INFO: [ view_filter ] --END-- [ RunTime:0.004585s ]
INFO: [ view_end ] --START--
INFO: ShowPageTrace Behavior ::run [ RunTime:0.001437s ]
INFO: [ view_end ] --END-- [ RunTime:0.001571s ]

[ 2014-10-25T12:29:23+08:00 ] 127.0.0.1 /
INFO: [ app_begin ] --START--
INFO: ReadHtmlCache Behavior ::run [ RunTime:0.001699s ]
INFO: [ app_begin ] --END-- [ RunTime:0.001792s ]
INFO: [ view_parse ] --START--
NOTIC: [8] Undefined index:  uid D:\wwwphpStudy\WWW\core\Runtime\Cache\0f1b6e4c5ba03bcdbb1cce84480281ce.php 第 79 行.
SQL: SHOW COLUMNS FROM `tj_members` [ RunTime:0.008201s ]
SQL: SELECT COUNT(*) AS tp_count FROM `tj_members` LIMIT 1   [ RunTime:0.000196s ]
SQL: SHOW COLUMNS FROM `tj_sites` [ RunTime:0.008864s ]
SQL: SELECT COUNT(*) AS tp_count FROM `tj_sites` LIMIT 1   [ RunTime:0.000295s ]
NOTIC: [8] Undefined index:  uid D:\wwwphpStudy\WWW\core\Runtime\Cache\0f1b6e4c5ba03bcdbb1cce84480281ce.php 第 160 行.
INFO: ParseTemplate Behavior ::run [ RunTime:0.056641s ]
INFO: [ view_parse ] --END-- [ RunTime:0.056737s ]
INFO: [ view_filter ] --START--
INFO: ContentReplace Behavior ::run [ RunTime:0.002090s ]
INFO: TokenBuild Behavior ::run [ RunTime:0.002271s ]
INFO: WriteHtmlCache Behavior ::run [ RunTime:0.002038s ]
INFO: ShowRuntime Behavior ::run [ RunTime:0.001794s ]
INFO: [ view_filter ] --END-- [ RunTime:0.008483s ]
INFO: [ view_end ] --START--
INFO: ShowPageTrace Behavior ::run [ RunTime:0.007744s ]
INFO: [ view_end ] --END-- [ RunTime:0.007856s ]

[ 2014-10-25T12:29:36+08:00 ] 127.0.0.1 /index.php/Index/login.html
INFO: [ route_check ] --START--
INFO: CheckRoute Behavior ::run [ RunTime:0.001993s ]
INFO: [ route_check ] --END-- [ RunTime:0.002090s ]
INFO: [ app_begin ] --START--
INFO: ReadHtmlCache Behavior ::run [ RunTime:0.001674s ]
INFO: [ app_begin ] --END-- [ RunTime:0.001755s ]
INFO: [ view_parse ] --START--
NOTIC: [8] Undefined index:  uid D:\wwwphpStudy\WWW\core\Runtime\Cache\35f25a83367e87f77daf537952997a58.php 第 130 行.
INFO: ParseTemplate Behavior ::run [ RunTime:0.022255s ]
INFO: [ view_parse ] --END-- [ RunTime:0.022345s ]
INFO: [ view_filter ] --START--
INFO: ContentReplace Behavior ::run [ RunTime:0.001514s ]
INFO: TokenBuild Behavior ::run [ RunTime:0.001500s ]
INFO: WriteHtmlCache Behavior ::run [ RunTime:0.001331s ]
INFO: ShowRuntime Behavior ::run [ RunTime:0.001590s ]
INFO: [ view_filter ] --END-- [ RunTime:0.006127s ]
INFO: [ view_end ] --START--
INFO: ShowPageTrace Behavior ::run [ RunTime:0.001778s ]
INFO: [ view_end ] --END-- [ RunTime:0.001889s ]

[ 2014-10-25T12:30:17+08:00 ] 127.0.0.1 /
INFO: [ app_begin ] --START--
INFO: ReadHtmlCache Behavior ::run [ RunTime:0.001717s ]
INFO: [ app_begin ] --END-- [ RunTime:0.001808s ]
INFO: [ view_parse ] --START--
NOTIC: [8] Undefined index:  uid D:\wwwphpStudy\WWW\core\Runtime\Cache\0f1b6e4c5ba03bcdbb1cce84480281ce.php 第 79 行.
SQL: SHOW COLUMNS FROM `tj_members` [ RunTime:0.018338s ]
SQL: SELECT COUNT(*) AS tp_count FROM `tj_members` LIMIT 1   [ RunTime:0.000189s ]
SQL: SHOW COLUMNS FROM `tj_sites` [ RunTime:0.007993s ]
SQL: SELECT COUNT(*) AS tp_count FROM `tj_sites` LIMIT 1   [ RunTime:0.000254s ]
NOTIC: [8] Undefined index:  uid D:\wwwphpStudy\WWW\core\Runtime\Cache\0f1b6e4c5ba03bcdbb1cce84480281ce.php 第 160 行.
INFO: ParseTemplate Behavior ::run [ RunTime:0.066449s ]
INFO: [ view_parse ] --END-- [ RunTime:0.066550s ]
INFO: [ view_filter ] --START--
INFO: ContentReplace Behavior ::run [ RunTime:0.001795s ]
INFO: TokenBuild Behavior ::run [ RunTime:0.001532s ]
INFO: WriteHtmlCache Behavior ::run [ RunTime:0.001255s ]
INFO: ShowRuntime Behavior ::run [ RunTime:0.002069s ]
INFO: [ view_filter ] --END-- [ RunTime:0.006880s ]
INFO: [ view_end ] --START--
INFO: ShowPageTrace Behavior ::run [ RunTime:0.002004s ]
INFO: [ view_end ] --END-- [ RunTime:0.002095s ]

[ 2014-10-25T12:32:18+08:00 ] 127.0.0.1 /
INFO: [ app_begin ] --START--
INFO: ReadHtmlCache Behavior ::run [ RunTime:0.002165s ]
INFO: [ app_begin ] --END-- [ RunTime:0.002269s ]
INFO: [ view_parse ] --START--
NOTIC: [8] Undefined index:  uid D:\wwwphpStudy\WWW\core\Runtime\Cache\0f1b6e4c5ba03bcdbb1cce84480281ce.php 第 79 行.
SQL: SHOW COLUMNS FROM `tj_members` [ RunTime:0.009398s ]
SQL: SELECT COUNT(*) AS tp_count FROM `tj_members` LIMIT 1   [ RunTime:0.000184s ]
SQL: SHOW COLUMNS FROM `tj_sites` [ RunTime:0.008663s ]
SQL: SELECT COUNT(*) AS tp_count FROM `tj_sites` LIMIT 1   [ RunTime:0.000191s ]
NOTIC: [8] Undefined index:  uid D:\wwwphpStudy\WWW\core\Runtime\Cache\0f1b6e4c5ba03bcdbb1cce84480281ce.php 第 160 行.
INFO: ParseTemplate Behavior ::run [ RunTime:0.056939s ]
INFO: [ view_parse ] --END-- [ RunTime:0.057040s ]
INFO: [ view_filter ] --START--
INFO: ContentReplace Behavior ::run [ RunTime:0.001712s ]
INFO: TokenBuild Behavior ::run [ RunTime:0.001508s ]
INFO: WriteHtmlCache Behavior ::run [ RunTime:0.001339s ]
INFO: ShowRuntime Behavior ::run [ RunTime:0.001711s ]
INFO: [ view_filter ] --END-- [ RunTime:0.006469s ]
INFO: [ view_end ] --START--
INFO: ShowPageTrace Behavior ::run [ RunTime:0.003769s ]
INFO: [ view_end ] --END-- [ RunTime:0.003919s ]

[ 2014-10-25T12:32:22+08:00 ] 127.0.0.1 /index.php/Index/reg.html
INFO: [ route_check ] --START--
INFO: CheckRoute Behavior ::run [ RunTime:0.003212s ]
INFO: [ route_check ] --END-- [ RunTime:0.003491s ]
INFO: [ app_begin ] --START--
INFO: ReadHtmlCache Behavior ::run [ RunTime:0.002040s ]
INFO: [ app_begin ] --END-- [ RunTime:0.002149s ]
INFO: [ view_parse ] --START--
NOTIC: [8] Undefined index:  uid D:\wwwphpStudy\WWW\core\Runtime\Cache\3bfdafc7eb0e4b68f5baea7ff0f0875b.php 第 126 行.
INFO: ParseTemplate Behavior ::run [ RunTime:0.020570s ]
INFO: [ view_parse ] --END-- [ RunTime:0.020686s ]
INFO: [ view_filter ] --START--
INFO: ContentReplace Behavior ::run [ RunTime:0.001697s ]
INFO: TokenBuild Behavior ::run [ RunTime:0.001484s ]
INFO: WriteHtmlCache Behavior ::run [ RunTime:0.002304s ]
INFO: ShowRuntime Behavior ::run [ RunTime:0.001685s ]
INFO: [ view_filter ] --END-- [ RunTime:0.007615s ]
INFO: [ view_end ] --START--
INFO: ShowPageTrace Behavior ::run [ RunTime:0.001803s ]
INFO: [ view_end ] --END-- [ RunTime:0.001879s ]

[ 2014-10-25T12:32:27+08:00 ] 127.0.0.1 /index.php/Index/reg.html
INFO: [ route_check ] --START--
INFO: CheckRoute Behavior ::run [ RunTime:0.002132s ]
INFO: [ route_check ] --END-- [ RunTime:0.002243s ]
INFO: [ app_begin ] --START--
INFO: ReadHtmlCache Behavior ::run [ RunTime:0.001788s ]
INFO: [ app_begin ] --END-- [ RunTime:0.001875s ]
INFO: [ view_parse ] --START--
NOTIC: [8] Undefined index:  uid D:\wwwphpStudy\WWW\core\Runtime\Cache\3bfdafc7eb0e4b68f5baea7ff0f0875b.php 第 126 行.
INFO: ParseTemplate Behavior ::run [ RunTime:0.021182s ]
INFO: [ view_parse ] --END-- [ RunTime:0.021281s ]
INFO: [ view_filter ] --START--
INFO: ContentReplace Behavior ::run [ RunTime:0.001641s ]
INFO: TokenBuild Behavior ::run [ RunTime:0.001566s ]
INFO: WriteHtmlCache Behavior ::run [ RunTime:0.001179s ]
INFO: ShowRuntime Behavior ::run [ RunTime:0.002191s ]
INFO: [ view_filter ] --END-- [ RunTime:0.006802s ]
INFO: [ view_end ] --START--
INFO: ShowPageTrace Behavior ::run [ RunTime:0.003046s ]
INFO: [ view_end ] --END-- [ RunTime:0.003172s ]

[ 2014-10-25T12:35:40+08:00 ] 127.0.0.1 /index.php/Public/doreg.html
INFO: [ route_check ] --START--
INFO: CheckRoute Behavior ::run [ RunTime:0.002398s ]
INFO: [ route_check ] --END-- [ RunTime:0.002502s ]
INFO: [ app_begin ] --START--
INFO: ReadHtmlCache Behavior ::run [ RunTime:0.001947s ]
INFO: [ app_begin ] --END-- [ RunTime:0.002041s ]
INFO: [ view_parse ] --START--
INFO: ParseTemplate Behavior ::run [ RunTime:0.014456s ]
INFO: [ view_parse ] --END-- [ RunTime:0.014547s ]
INFO: [ view_filter ] --START--
INFO: ContentReplace Behavior ::run [ RunTime:0.001419s ]
INFO: TokenBuild Behavior ::run [ RunTime:0.003568s ]
INFO: WriteHtmlCache Behavior ::run [ RunTime:0.001428s ]
INFO: ShowRuntime Behavior ::run [ RunTime:0.001694s ]
INFO: [ view_filter ] --END-- [ RunTime:0.008320s ]
INFO: [ view_end ] --START--
INFO: ShowPageTrace Behavior ::run [ RunTime:0.002025s ]
INFO: [ view_end ] --END-- [ RunTime:0.002106s ]

[ 2014-10-25T12:35:53+08:00 ] 127.0.0.1 /index.php/Public/doreg.html
INFO: [ route_check ] --START--
INFO: CheckRoute Behavior ::run [ RunTime:0.001976s ]
INFO: [ route_check ] --END-- [ RunTime:0.002073s ]
INFO: [ app_begin ] --START--
INFO: ReadHtmlCache Behavior ::run [ RunTime:0.001939s ]
INFO: [ app_begin ] --END-- [ RunTime:0.002061s ]
INFO: [ view_parse ] --START--
INFO: ParseTemplate Behavior ::run [ RunTime:0.015410s ]
INFO: [ view_parse ] --END-- [ RunTime:0.015521s ]
INFO: [ view_filter ] --START--
INFO: ContentReplace Behavior ::run [ RunTime:0.001477s ]
INFO: TokenBuild Behavior ::run [ RunTime:0.001575s ]
INFO: WriteHtmlCache Behavior ::run [ RunTime:0.001171s ]
INFO: ShowRuntime Behavior ::run [ RunTime:0.001580s ]
INFO: [ view_filter ] --END-- [ RunTime:0.006006s ]
INFO: [ view_end ] --START--
INFO: ShowPageTrace Behavior ::run [ RunTime:0.001826s ]
INFO: [ view_end ] --END-- [ RunTime:0.001901s ]

[ 2014-10-25T12:35:59+08:00 ] 127.0.0.1 /index.php/Index/reg.html
INFO: [ route_check ] --START--
INFO: CheckRoute Behavior ::run [ RunTime:0.002007s ]
INFO: [ route_check ] --END-- [ RunTime:0.002103s ]
INFO: [ app_begin ] --START--
INFO: ReadHtmlCache Behavior ::run [ RunTime:0.001777s ]
INFO: [ app_begin ] --END-- [ RunTime:0.001905s ]
INFO: [ view_parse ] --START--
NOTIC: [8] Undefined index:  uid D:\wwwphpStudy\WWW\core\Runtime\Cache\3bfdafc7eb0e4b68f5baea7ff0f0875b.php 第 126 行.
INFO: ParseTemplate Behavior ::run [ RunTime:0.020504s ]
INFO: [ view_parse ] --END-- [ RunTime:0.020599s ]
INFO: [ view_filter ] --START--
INFO: ContentReplace Behavior ::run [ RunTime:0.001485s ]
INFO: TokenBuild Behavior ::run [ RunTime:0.003234s ]
INFO: WriteHtmlCache Behavior ::run [ RunTime:0.001326s ]
INFO: ShowRuntime Behavior ::run [ RunTime:0.001786s ]
INFO: [ view_filter ] --END-- [ RunTime:0.008053s ]
INFO: [ view_end ] --START--
INFO: ShowPageTrace Behavior ::run [ RunTime:0.002161s ]
INFO: [ view_end ] --END-- [ RunTime:0.002278s ]

[ 2014-10-25T12:36:39+08:00 ] 127.0.0.1 /index.php/Index/login.html
INFO: [ route_check ] --START--
INFO: CheckRoute Behavior ::run [ RunTime:0.002033s ]
INFO: [ route_check ] --END-- [ RunTime:0.002129s ]
INFO: [ app_begin ] --START--
INFO: ReadHtmlCache Behavior ::run [ RunTime:0.001754s ]
INFO: [ app_begin ] --END-- [ RunTime:0.001838s ]
INFO: [ view_parse ] --START--
NOTIC: [8] Undefined index:  uid D:\wwwphpStudy\WWW\core\Runtime\Cache\35f25a83367e87f77daf537952997a58.php 第 130 行.
INFO: ParseTemplate Behavior ::run [ RunTime:0.020770s ]
INFO: [ view_parse ] --END-- [ RunTime:0.020864s ]
INFO: [ view_filter ] --START--
INFO: ContentReplace Behavior ::run [ RunTime:0.001780s ]
INFO: TokenBuild Behavior ::run [ RunTime:0.001860s ]
INFO: WriteHtmlCache Behavior ::run [ RunTime:0.001111s ]
INFO: ShowRuntime Behavior ::run [ RunTime:0.001664s ]
INFO: [ view_filter ] --END-- [ RunTime:0.006624s ]
INFO: [ view_end ] --START--
INFO: ShowPageTrace Behavior ::run [ RunTime:0.002055s ]
INFO: [ view_end ] --END-- [ RunTime:0.002179s ]

[ 2014-10-25T12:36:45+08:00 ] 127.0.0.1 /index.php/Public/dologin.html
INFO: [ route_check ] --START--
INFO: CheckRoute Behavior ::run [ RunTime:0.002373s ]
INFO: [ route_check ] --END-- [ RunTime:0.002473s ]
INFO: [ app_begin ] --START--
INFO: ReadHtmlCache Behavior ::run [ RunTime:0.001670s ]
INFO: [ app_begin ] --END-- [ RunTime:0.001754s ]
SQL: SHOW COLUMNS FROM `tj_members` [ RunTime:0.007171s ]
SQL: SELECT * FROM `tj_members` WHERE ( `username` = 'admin' ) AND ( `password` = 'e3bd95df26e170e45157186d313488e0' ) LIMIT 1   [ RunTime:0.000319s ]
INFO: [ view_parse ] --START--
INFO: ParseTemplate Behavior ::run [ RunTime:0.014681s ]
INFO: [ view_parse ] --END-- [ RunTime:0.014796s ]
INFO: [ view_filter ] --START--
INFO: ContentReplace Behavior ::run [ RunTime:0.001968s ]
INFO: TokenBuild Behavior ::run [ RunTime:0.001995s ]
INFO: WriteHtmlCache Behavior ::run [ RunTime:0.001667s ]
INFO: ShowRuntime Behavior ::run [ RunTime:0.002201s ]
INFO: [ view_filter ] --END-- [ RunTime:0.008133s ]
INFO: [ view_end ] --START--
INFO: ShowPageTrace Behavior ::run [ RunTime:0.001877s ]
INFO: [ view_end ] --END-- [ RunTime:0.001969s ]

[ 2014-10-25T12:36:50+08:00 ] 127.0.0.1 /index.php/Public/dologin.html
INFO: [ route_check ] --START--
INFO: CheckRoute Behavior ::run [ RunTime:0.002021s ]
INFO: [ route_check ] --END-- [ RunTime:0.002119s ]
INFO: [ app_begin ] --START--
INFO: ReadHtmlCache Behavior ::run [ RunTime:0.001701s ]
INFO: [ app_begin ] --END-- [ RunTime:0.001786s ]
SQL: SHOW COLUMNS FROM `tj_members` [ RunTime:0.028375s ]
SQL: SELECT * FROM `tj_members` WHERE ( `username` = 'admin' ) AND ( `password` = 'e3bd95df26e170e45157186d313488e0' ) LIMIT 1   [ RunTime:0.000237s ]
INFO: [ view_parse ] --START--
INFO: ParseTemplate Behavior ::run [ RunTime:0.016018s ]
INFO: [ view_parse ] --END-- [ RunTime:0.016148s ]
INFO: [ view_filter ] --START--
INFO: ContentReplace Behavior ::run [ RunTime:0.001657s ]
INFO: TokenBuild Behavior ::run [ RunTime:0.004828s ]
INFO: WriteHtmlCache Behavior ::run [ RunTime:0.001129s ]
INFO: ShowRuntime Behavior ::run [ RunTime:0.001565s ]
INFO: [ view_filter ] --END-- [ RunTime:0.010181s ]
INFO: [ view_end ] --START--
INFO: ShowPageTrace Behavior ::run [ RunTime:0.001736s ]
INFO: [ view_end ] --END-- [ RunTime:0.001815s ]

[ 2014-10-25T12:36:54+08:00 ] 127.0.0.1 /index.php/Site/lists.html
INFO: [ route_check ] --START--
INFO: CheckRoute Behavior ::run [ RunTime:0.002125s ]
INFO: [ route_check ] --END-- [ RunTime:0.002225s ]
INFO: [ app_begin ] --START--
INFO: ReadHtmlCache Behavior ::run [ RunTime:0.001779s ]
INFO: [ app_begin ] --END-- [ RunTime:0.001863s ]
INFO: [ view_parse ] --START--
INFO: ParseTemplate Behavior ::run [ RunTime:0.014913s ]
INFO: [ view_parse ] --END-- [ RunTime:0.015013s ]
INFO: [ view_filter ] --START--
INFO: ContentReplace Behavior ::run [ RunTime:0.002694s ]
INFO: TokenBuild Behavior ::run [ RunTime:0.001900s ]
INFO: WriteHtmlCache Behavior ::run [ RunTime:0.001537s ]
INFO: ShowRuntime Behavior ::run [ RunTime:0.001681s ]
INFO: [ view_filter ] --END-- [ RunTime:0.008051s ]
INFO: [ view_end ] --START--
INFO: ShowPageTrace Behavior ::run [ RunTime:0.002307s ]
INFO: [ view_end ] --END-- [ RunTime:0.002395s ]

[ 2014-10-25T12:36:55+08:00 ] 127.0.0.1 /index.php/Index/login.html
INFO: [ route_check ] --START--
INFO: CheckRoute Behavior ::run [ RunTime:0.002168s ]
INFO: [ route_check ] --END-- [ RunTime:0.002268s ]
INFO: [ app_begin ] --START--
INFO: ReadHtmlCache Behavior ::run [ RunTime:0.001789s ]
INFO: [ app_begin ] --END-- [ RunTime:0.001875s ]
INFO: [ view_parse ] --START--
NOTIC: [8] Undefined index:  uid D:\wwwphpStudy\WWW\core\Runtime\Cache\35f25a83367e87f77daf537952997a58.php 第 130 行.
INFO: ParseTemplate Behavior ::run [ RunTime:0.018413s ]
INFO: [ view_parse ] --END-- [ RunTime:0.018500s ]
INFO: [ view_filter ] --START--
INFO: ContentReplace Behavior ::run [ RunTime:0.001552s ]
INFO: TokenBuild Behavior ::run [ RunTime:0.001448s ]
INFO: WriteHtmlCache Behavior ::run [ RunTime:0.001178s ]
INFO: ShowRuntime Behavior ::run [ RunTime:0.001634s ]
INFO: [ view_filter ] --END-- [ RunTime:0.006002s ]
INFO: [ view_end ] --START--
INFO: ShowPageTrace Behavior ::run [ RunTime:0.004214s ]
INFO: [ view_end ] --END-- [ RunTime:0.004319s ]

[ 2014-10-25T12:36:58+08:00 ] 127.0.0.1 /index.php/Index/login.html
INFO: [ route_check ] --START--
INFO: CheckRoute Behavior ::run [ RunTime:0.002100s ]
INFO: [ route_check ] --END-- [ RunTime:0.002200s ]
INFO: [ app_begin ] --START--
INFO: ReadHtmlCache Behavior ::run [ RunTime:0.001820s ]
INFO: [ app_begin ] --END-- [ RunTime:0.001909s ]
INFO: [ view_parse ] --START--
NOTIC: [8] Undefined index:  uid D:\wwwphpStudy\WWW\core\Runtime\Cache\35f25a83367e87f77daf537952997a58.php 第 130 行.
INFO: ParseTemplate Behavior ::run [ RunTime:0.019525s ]
INFO: [ view_parse ] --END-- [ RunTime:0.019614s ]
INFO: [ view_filter ] --START--
INFO: ContentReplace Behavior ::run [ RunTime:0.001497s ]
INFO: TokenBuild Behavior ::run [ RunTime:0.001501s ]
INFO: WriteHtmlCache Behavior ::run [ RunTime:0.001216s ]
INFO: ShowRuntime Behavior ::run [ RunTime:0.001683s ]
INFO: [ view_filter ] --END-- [ RunTime:0.006095s ]
INFO: [ view_end ] --START--
INFO: ShowPageTrace Behavior ::run [ RunTime:0.002672s ]
INFO: [ view_end ] --END-- [ RunTime:0.002771s ]

[ 2014-10-25T12:37:04+08:00 ] 127.0.0.1 /index.php/Index/reg.html
INFO: [ route_check ] --START--
INFO: CheckRoute Behavior ::run [ RunTime:0.002291s ]
INFO: [ route_check ] --END-- [ RunTime:0.002389s ]
INFO: [ app_begin ] --START--
INFO: ReadHtmlCache Behavior ::run [ RunTime:0.001687s ]
INFO: [ app_begin ] --END-- [ RunTime:0.001769s ]
INFO: [ view_parse ] --START--
NOTIC: [8] Undefined index:  uid D:\wwwphpStudy\WWW\core\Runtime\Cache\3bfdafc7eb0e4b68f5baea7ff0f0875b.php 第 126 行.
INFO: ParseTemplate Behavior ::run [ RunTime:0.019285s ]
INFO: [ view_parse ] --END-- [ RunTime:0.019370s ]
INFO: [ view_filter ] --START--
INFO: ContentReplace Behavior ::run [ RunTime:0.001475s ]
INFO: TokenBuild Behavior ::run [ RunTime:0.001529s ]
INFO: WriteHtmlCache Behavior ::run [ RunTime:0.001121s ]
INFO: ShowRuntime Behavior ::run [ RunTime:0.001596s ]
INFO: [ view_filter ] --END-- [ RunTime:0.005931s ]
INFO: [ view_end ] --START--
INFO: ShowPageTrace Behavior ::run [ RunTime:0.002237s ]
INFO: [ view_end ] --END-- [ RunTime:0.002368s ]

[ 2014-10-25T12:37:16+08:00 ] 127.0.0.1 /index.php/Public/doreg.html
INFO: [ route_check ] --START--
INFO: CheckRoute Behavior ::run [ RunTime:0.002113s ]
INFO: [ route_check ] --END-- [ RunTime:0.002212s ]
INFO: [ app_begin ] --START--
INFO: ReadHtmlCache Behavior ::run [ RunTime:0.001692s ]
INFO: [ app_begin ] --END-- [ RunTime:0.001775s ]
INFO: [ view_parse ] --START--
INFO: ParseTemplate Behavior ::run [ RunTime:0.014407s ]
INFO: [ view_parse ] --END-- [ RunTime:0.014516s ]
INFO: [ view_filter ] --START--
INFO: ContentReplace Behavior ::run [ RunTime:0.001430s ]
INFO: TokenBuild Behavior ::run [ RunTime:0.001511s ]
INFO: WriteHtmlCache Behavior ::run [ RunTime:0.001102s ]
INFO: ShowRuntime Behavior ::run [ RunTime:0.001582s ]
INFO: [ view_filter ] --END-- [ RunTime:0.005817s ]
INFO: [ view_end ] --START--
INFO: ShowPageTrace Behavior ::run [ RunTime:0.001843s ]
INFO: [ view_end ] --END-- [ RunTime:0.002071s ]

[ 2014-10-25T12:37:24+08:00 ] 127.0.0.1 /index.php/Index/reg.html
INFO: [ route_check ] --START--
INFO: CheckRoute Behavior ::run [ RunTime:0.002116s ]
INFO: [ route_check ] --END-- [ RunTime:0.002217s ]
INFO: [ app_begin ] --START--
INFO: ReadHtmlCache Behavior ::run [ RunTime:0.001706s ]
INFO: [ app_begin ] --END-- [ RunTime:0.001790s ]
INFO: [ view_parse ] --START--
NOTIC: [8] Undefined index:  uid D:\wwwphpStudy\WWW\core\Runtime\Cache\3bfdafc7eb0e4b68f5baea7ff0f0875b.php 第 126 行.
INFO: ParseTemplate Behavior ::run [ RunTime:0.020380s ]
INFO: [ view_parse ] --END-- [ RunTime:0.020472s ]
INFO: [ view_filter ] --START--
INFO: ContentReplace Behavior ::run [ RunTime:0.001540s ]
INFO: TokenBuild Behavior ::run [ RunTime:0.001461s ]
INFO: WriteHtmlCache Behavior ::run [ RunTime:0.001141s ]
INFO: ShowRuntime Behavior ::run [ RunTime:0.001598s ]
INFO: [ view_filter ] --END-- [ RunTime:0.005930s ]
INFO: [ view_end ] --START--
INFO: ShowPageTrace Behavior ::run [ RunTime:0.001890s ]
INFO: [ view_end ] --END-- [ RunTime:0.002072s ]

[ 2014-10-25T12:37:26+08:00 ] 127.0.0.1 /
INFO: [ app_begin ] --START--
INFO: ReadHtmlCache Behavior ::run [ RunTime:0.001878s ]
INFO: [ app_begin ] --END-- [ RunTime:0.001972s ]
INFO: [ view_parse ] --START--
NOTIC: [8] Undefined index:  uid D:\wwwphpStudy\WWW\core\Runtime\Cache\0f1b6e4c5ba03bcdbb1cce84480281ce.php 第 79 行.
SQL: SHOW COLUMNS FROM `tj_members` [ RunTime:0.007089s ]
SQL: SELECT COUNT(*) AS tp_count FROM `tj_members` LIMIT 1   [ RunTime:0.000165s ]
SQL: SHOW COLUMNS FROM `tj_sites` [ RunTime:0.007111s ]
SQL: SELECT COUNT(*) AS tp_count FROM `tj_sites` LIMIT 1   [ RunTime:0.000155s ]
NOTIC: [8] Undefined index:  uid D:\wwwphpStudy\WWW\core\Runtime\Cache\0f1b6e4c5ba03bcdbb1cce84480281ce.php 第 160 行.
INFO: ParseTemplate Behavior ::run [ RunTime:0.053150s ]
INFO: [ view_parse ] --END-- [ RunTime:0.053239s ]
INFO: [ view_filter ] --START--
INFO: ContentReplace Behavior ::run [ RunTime:0.001689s ]
INFO: TokenBuild Behavior ::run [ RunTime:0.001677s ]
INFO: WriteHtmlCache Behavior ::run [ RunTime:0.001197s ]
INFO: ShowRuntime Behavior ::run [ RunTime:0.002684s ]
INFO: [ view_filter ] --END-- [ RunTime:0.007466s ]
INFO: [ view_end ] --START--
INFO: ShowPageTrace Behavior ::run [ RunTime:0.002717s ]
INFO: [ view_end ] --END-- [ RunTime:0.002812s ]

[ 2014-10-25T12:37:45+08:00 ] 127.0.0.1 /index.php/Index/reg.html
INFO: [ route_check ] --START--
INFO: CheckRoute Behavior ::run [ RunTime:0.002056s ]
INFO: [ route_check ] --END-- [ RunTime:0.002152s ]
INFO: [ app_begin ] --START--
INFO: ReadHtmlCache Behavior ::run [ RunTime:0.001738s ]
INFO: [ app_begin ] --END-- [ RunTime:0.001821s ]
INFO: [ view_parse ] --START--
NOTIC: [8] Undefined index:  uid D:\wwwphpStudy\WWW\core\Runtime\Cache\3bfdafc7eb0e4b68f5baea7ff0f0875b.php 第 126 行.
INFO: ParseTemplate Behavior ::run [ RunTime:0.020744s ]
INFO: [ view_parse ] --END-- [ RunTime:0.020833s ]
INFO: [ view_filter ] --START--
INFO: ContentReplace Behavior ::run [ RunTime:0.001558s ]
INFO: TokenBuild Behavior ::run [ RunTime:0.001457s ]
INFO: WriteHtmlCache Behavior ::run [ RunTime:0.001335s ]
INFO: ShowRuntime Behavior ::run [ RunTime:0.001593s ]
INFO: [ view_filter ] --END-- [ RunTime:0.006146s ]
INFO: [ view_end ] --START--
INFO: ShowPageTrace Behavior ::run [ RunTime:0.001926s ]
INFO: [ view_end ] --END-- [ RunTime:0.002017s ]

[ 2014-10-25T12:38:18+08:00 ] 127.0.0.1 /index.php/Public/doreg.html
INFO: [ route_check ] --START--
INFO: CheckRoute Behavior ::run [ RunTime:0.002254s ]
INFO: [ route_check ] --END-- [ RunTime:0.002357s ]
INFO: [ app_begin ] --START--
INFO: ReadHtmlCache Behavior ::run [ RunTime:0.002017s ]
INFO: [ app_begin ] --END-- [ RunTime:0.002110s ]
INFO: [ view_parse ] --START--
INFO: ParseTemplate Behavior ::run [ RunTime:0.015895s ]
INFO: [ view_parse ] --END-- [ RunTime:0.016015s ]
INFO: [ view_filter ] --START--
INFO: ContentReplace Behavior ::run [ RunTime:0.001549s ]
INFO: TokenBuild Behavior ::run [ RunTime:0.001527s ]
INFO: WriteHtmlCache Behavior ::run [ RunTime:0.001162s ]
INFO: ShowRuntime Behavior ::run [ RunTime:0.001571s ]
INFO: [ view_filter ] --END-- [ RunTime:0.006007s ]
INFO: [ view_end ] --START--
INFO: ShowPageTrace Behavior ::run [ RunTime:0.001723s ]
INFO: [ view_end ] --END-- [ RunTime:0.001793s ]

[ 2014-10-25T12:39:04+08:00 ] 127.0.0.1 /
INFO: [ app_begin ] --START--
INFO: ReadHtmlCache Behavior ::run [ RunTime:0.001412s ]
INFO: [ app_begin ] --END-- [ RunTime:0.001504s ]
INFO: [ view_parse ] --START--
NOTIC: [8] Undefined index:  uid D:\wwwphpStudy\WWW\core\Runtime\Cache\0f1b6e4c5ba03bcdbb1cce84480281ce.php 第 79 行.
SQL: SHOW COLUMNS FROM `tj_members` [ RunTime:0.007388s ]
SQL: SELECT COUNT(*) AS tp_count FROM `tj_members` LIMIT 1   [ RunTime:0.000182s ]
SQL: SHOW COLUMNS FROM `tj_sites` [ RunTime:0.006860s ]
SQL: SELECT COUNT(*) AS tp_count FROM `tj_sites` LIMIT 1   [ RunTime:0.000152s ]
NOTIC: [8] Undefined index:  uid D:\wwwphpStudy\WWW\core\Runtime\Cache\0f1b6e4c5ba03bcdbb1cce84480281ce.php 第 160 行.
INFO: ParseTemplate Behavior ::run [ RunTime:0.050615s ]
INFO: [ view_parse ] --END-- [ RunTime:0.050702s ]
INFO: [ view_filter ] --START--
INFO: ContentReplace Behavior ::run [ RunTime:0.001165s ]
INFO: TokenBuild Behavior ::run [ RunTime:0.001174s ]
INFO: WriteHtmlCache Behavior ::run [ RunTime:0.000903s ]
INFO: ShowRuntime Behavior ::run [ RunTime:0.001167s ]
INFO: [ view_filter ] --END-- [ RunTime:0.004603s ]
INFO: [ view_end ] --START--
INFO: ShowPageTrace Behavior ::run [ RunTime:0.002811s ]
INFO: [ view_end ] --END-- [ RunTime:0.003004s ]

[ 2014-10-25T12:39:10+08:00 ] 127.0.0.1 /index.php/Public/dologin.html
INFO: [ route_check ] --START--
INFO: CheckRoute Behavior ::run [ RunTime:0.001569s ]
INFO: [ route_check ] --END-- [ RunTime:0.001666s ]
INFO: [ app_begin ] --START--
INFO: ReadHtmlCache Behavior ::run [ RunTime:0.001216s ]
INFO: [ app_begin ] --END-- [ RunTime:0.001311s ]
SQL: SHOW COLUMNS FROM `tj_members` [ RunTime:0.058915s ]
SQL: SELECT * FROM `tj_members` WHERE ( `username` = 'admin' ) AND ( `password` = 'e3bd95df26e170e45157186d313488e0' ) LIMIT 1   [ RunTime:0.000868s ]
INFO: [ view_parse ] --START--
INFO: ParseTemplate Behavior ::run [ RunTime:0.012677s ]
INFO: [ view_parse ] --END-- [ RunTime:0.012805s ]
INFO: [ view_filter ] --START--
INFO: ContentReplace Behavior ::run [ RunTime:0.000625s ]
INFO: TokenBuild Behavior ::run [ RunTime:0.000634s ]
INFO: WriteHtmlCache Behavior ::run [ RunTime:0.002496s ]
INFO: ShowRuntime Behavior ::run [ RunTime:0.000924s ]
INFO: [ view_filter ] --END-- [ RunTime:0.004970s ]
INFO: [ view_end ] --START--
INFO: ShowPageTrace Behavior ::run [ RunTime:0.000864s ]
INFO: [ view_end ] --END-- [ RunTime:0.000945s ]

[ 2014-10-25T12:39:14+08:00 ] 127.0.0.1 /index.php/Index/reg.html
INFO: [ route_check ] --START--
INFO: CheckRoute Behavior ::run [ RunTime:0.001105s ]
INFO: [ route_check ] --END-- [ RunTime:0.001202s ]
INFO: [ app_begin ] --START--
INFO: ReadHtmlCache Behavior ::run [ RunTime:0.000819s ]
INFO: [ app_begin ] --END-- [ RunTime:0.000903s ]
INFO: [ view_parse ] --START--
NOTIC: [8] Undefined index:  uid D:\wwwphpStudy\WWW\core\Runtime\Cache\3bfdafc7eb0e4b68f5baea7ff0f0875b.php 第 126 行.
INFO: ParseTemplate Behavior ::run [ RunTime:0.019132s ]
INFO: [ view_parse ] --END-- [ RunTime:0.019236s ]
INFO: [ view_filter ] --START--
INFO: ContentReplace Behavior ::run [ RunTime:0.002584s ]
INFO: TokenBuild Behavior ::run [ RunTime:0.000639s ]
INFO: WriteHtmlCache Behavior ::run [ RunTime:0.000960s ]
INFO: ShowRuntime Behavior ::run [ RunTime:0.001037s ]
INFO: [ view_filter ] --END-- [ RunTime:0.005599s ]
INFO: [ view_end ] --START--
INFO: ShowPageTrace Behavior ::run [ RunTime:0.001085s ]
INFO: [ view_end ] --END-- [ RunTime:0.001184s ]

[ 2014-10-25T12:39:23+08:00 ] 127.0.0.1 /index.php/Public/doreg.html
INFO: [ route_check ] --START--
INFO: CheckRoute Behavior ::run [ RunTime:0.001108s ]
INFO: [ route_check ] --END-- [ RunTime:0.001205s ]
INFO: [ app_begin ] --START--
INFO: ReadHtmlCache Behavior ::run [ RunTime:0.000844s ]
INFO: [ app_begin ] --END-- [ RunTime:0.000935s ]
INFO: [ view_parse ] --START--
INFO: ParseTemplate Behavior ::run [ RunTime:0.012452s ]
INFO: [ view_parse ] --END-- [ RunTime:0.012548s ]
INFO: [ view_filter ] --START--
INFO: ContentReplace Behavior ::run [ RunTime:0.000554s ]
INFO: TokenBuild Behavior ::run [ RunTime:0.000566s ]
INFO: WriteHtmlCache Behavior ::run [ RunTime:0.000671s ]
INFO: ShowRuntime Behavior ::run [ RunTime:0.000691s ]
INFO: [ view_filter ] --END-- [ RunTime:0.002670s ]
INFO: [ view_end ] --START--
INFO: ShowPageTrace Behavior ::run [ RunTime:0.000849s ]
INFO: [ view_end ] --END-- [ RunTime:0.000919s ]

[ 2014-10-25T12:39:43+08:00 ] 127.0.0.1 /
INFO: [ app_begin ] --START--
INFO: ReadHtmlCache Behavior ::run [ RunTime:0.000857s ]
INFO: [ app_begin ] --END-- [ RunTime:0.000954s ]
INFO: [ view_parse ] --START--
NOTIC: [8] Undefined index:  uid D:\wwwphpStudy\WWW\core\Runtime\Cache\0f1b6e4c5ba03bcdbb1cce84480281ce.php 第 79 行.
SQL: SHOW COLUMNS FROM `tj_members` [ RunTime:0.007896s ]
SQL: SELECT COUNT(*) AS tp_count FROM `tj_members` LIMIT 1   [ RunTime:0.000184s ]
SQL: SHOW COLUMNS FROM `tj_sites` [ RunTime:0.007214s ]
SQL: SELECT COUNT(*) AS tp_count FROM `tj_sites` LIMIT 1   [ RunTime:0.000270s ]
NOTIC: [8] Undefined index:  uid D:\wwwphpStudy\WWW\core\Runtime\Cache\0f1b6e4c5ba03bcdbb1cce84480281ce.php 第 160 行.
INFO: ParseTemplate Behavior ::run [ RunTime:0.048102s ]
INFO: [ view_parse ] --END-- [ RunTime:0.048202s ]
INFO: [ view_filter ] --START--
INFO: ContentReplace Behavior ::run [ RunTime:0.000863s ]
INFO: TokenBuild Behavior ::run [ RunTime:0.000657s ]
INFO: WriteHtmlCache Behavior ::run [ RunTime:0.000721s ]
INFO: ShowRuntime Behavior ::run [ RunTime:0.000715s ]
INFO: [ view_filter ] --END-- [ RunTime:0.003165s ]
INFO: [ view_end ] --START--
INFO: ShowPageTrace Behavior ::run [ RunTime:0.002050s ]
INFO: [ view_end ] --END-- [ RunTime:0.002205s ]

[ 2014-10-25T12:41:37+08:00 ] 127.0.0.1 /
INFO: [ app_begin ] --START--
INFO: ReadHtmlCache Behavior ::run [ RunTime:0.001409s ]
INFO: [ app_begin ] --END-- [ RunTime:0.001512s ]
INFO: [ view_parse ] --START--
NOTIC: [8] Undefined index:  uid D:\wwwphpStudy\WWW\core\Runtime\Cache\0f1b6e4c5ba03bcdbb1cce84480281ce.php 第 79 行.
SQL: SHOW COLUMNS FROM `tj_members` [ RunTime:0.010093s ]
SQL: SELECT COUNT(*) AS tp_count FROM `tj_members` LIMIT 1   [ RunTime:0.000219s ]
SQL: SHOW COLUMNS FROM `tj_sites` [ RunTime:0.007283s ]
SQL: SELECT COUNT(*) AS tp_count FROM `tj_sites` LIMIT 1   [ RunTime:0.000158s ]
NOTIC: [8] Undefined index:  uid D:\wwwphpStudy\WWW\core\Runtime\Cache\0f1b6e4c5ba03bcdbb1cce84480281ce.php 第 160 行.
INFO: ParseTemplate Behavior ::run [ RunTime:0.053034s ]
INFO: [ view_parse ] --END-- [ RunTime:0.053125s ]
INFO: [ view_filter ] --START--
INFO: ContentReplace Behavior ::run [ RunTime:0.003047s ]
INFO: TokenBuild Behavior ::run [ RunTime:0.001041s ]
INFO: WriteHtmlCache Behavior ::run [ RunTime:0.000891s ]
INFO: ShowRuntime Behavior ::run [ RunTime:0.001149s ]
INFO: [ view_filter ] --END-- [ RunTime:0.006334s ]
INFO: [ view_end ] --START--
INFO: ShowPageTrace Behavior ::run [ RunTime:0.001847s ]
INFO: [ view_end ] --END-- [ RunTime:0.001961s ]

[ 2014-10-25T12:41:40+08:00 ] 127.0.0.1 /index.php/User/index.html
INFO: [ route_check ] --START--
INFO: CheckRoute Behavior ::run [ RunTime:0.001542s ]
INFO: [ route_check ] --END-- [ RunTime:0.001639s ]
INFO: [ app_begin ] --START--
INFO: ReadHtmlCache Behavior ::run [ RunTime:0.000790s ]
INFO: [ app_begin ] --END-- [ RunTime:0.000871s ]
INFO: [ view_parse ] --START--
INFO: ParseTemplate Behavior ::run [ RunTime:0.013547s ]
INFO: [ view_parse ] --END-- [ RunTime:0.013656s ]
INFO: [ view_filter ] --START--
INFO: ContentReplace Behavior ::run [ RunTime:0.000560s ]
INFO: TokenBuild Behavior ::run [ RunTime:0.000566s ]
INFO: WriteHtmlCache Behavior ::run [ RunTime:0.000669s ]
INFO: ShowRuntime Behavior ::run [ RunTime:0.000684s ]
INFO: [ view_filter ] --END-- [ RunTime:0.002668s ]
INFO: [ view_end ] --START--
INFO: ShowPageTrace Behavior ::run [ RunTime:0.000852s ]
INFO: [ view_end ] --END-- [ RunTime:0.000922s ]

[ 2014-10-25T12:41:42+08:00 ] 127.0.0.1 /index.php/Site/lists.html
INFO: [ route_check ] --START--
INFO: CheckRoute Behavior ::run [ RunTime:0.001202s ]
INFO: [ route_check ] --END-- [ RunTime:0.001311s ]
INFO: [ app_begin ] --START--
INFO: ReadHtmlCache Behavior ::run [ RunTime:0.000880s ]
INFO: [ app_begin ] --END-- [ RunTime:0.000978s ]
INFO: [ view_parse ] --START--
INFO: ParseTemplate Behavior ::run [ RunTime:0.012977s ]
INFO: [ view_parse ] --END-- [ RunTime:0.013730s ]
INFO: [ view_filter ] --START--
INFO: ContentReplace Behavior ::run [ RunTime:0.000660s ]
INFO: TokenBuild Behavior ::run [ RunTime:0.000945s ]
INFO: WriteHtmlCache Behavior ::run [ RunTime:0.000738s ]
INFO: ShowRuntime Behavior ::run [ RunTime:0.000740s ]
INFO: [ view_filter ] --END-- [ RunTime:0.003529s ]
INFO: [ view_end ] --START--
INFO: ShowPageTrace Behavior ::run [ RunTime:0.000873s ]
INFO: [ view_end ] --END-- [ RunTime:0.000947s ]

[ 2014-10-25T12:41:44+08:00 ] 127.0.0.1 /index.php/Index/login.html
INFO: [ route_check ] --START--
INFO: CheckRoute Behavior ::run [ RunTime:0.001100s ]
INFO: [ route_check ] --END-- [ RunTime:0.001198s ]
INFO: [ app_begin ] --START--
INFO: ReadHtmlCache Behavior ::run [ RunTime:0.000791s ]
INFO: [ app_begin ] --END-- [ RunTime:0.000873s ]
INFO: [ view_parse ] --START--
NOTIC: [8] Undefined index:  uid D:\wwwphpStudy\WWW\core\Runtime\Cache\35f25a83367e87f77daf537952997a58.php 第 130 行.
INFO: ParseTemplate Behavior ::run [ RunTime:0.016399s ]
INFO: [ view_parse ] --END-- [ RunTime:0.016483s ]
INFO: [ view_filter ] --START--
INFO: ContentReplace Behavior ::run [ RunTime:0.000583s ]
INFO: TokenBuild Behavior ::run [ RunTime:0.000570s ]
INFO: WriteHtmlCache Behavior ::run [ RunTime:0.000728s ]
INFO: ShowRuntime Behavior ::run [ RunTime:0.002824s ]
INFO: [ view_filter ] --END-- [ RunTime:0.004913s ]
INFO: [ view_end ] --START--
INFO: ShowPageTrace Behavior ::run [ RunTime:0.001037s ]
INFO: [ view_end ] --END-- [ RunTime:0.001115s ]

[ 2014-10-25T12:41:50+08:00 ] 127.0.0.1 /index.php/Public/dologin.html
INFO: [ route_check ] --START--
INFO: CheckRoute Behavior ::run [ RunTime:0.001123s ]
INFO: [ route_check ] --END-- [ RunTime:0.001223s ]
INFO: [ app_begin ] --START--
INFO: ReadHtmlCache Behavior ::run [ RunTime:0.000798s ]
INFO: [ app_begin ] --END-- [ RunTime:0.000881s ]
SQL: SHOW COLUMNS FROM `tj_members` [ RunTime:0.016148s ]
SQL: SELECT * FROM `tj_members` WHERE ( `username` = '59458' ) AND ( `password` = 'ff5e67fda3c36a6e47d03e0e919c07a0' ) LIMIT 1   [ RunTime:0.000239s ]
INFO: [ view_parse ] --START--
INFO: ParseTemplate Behavior ::run [ RunTime:0.012177s ]
INFO: [ view_parse ] --END-- [ RunTime:0.012282s ]
INFO: [ view_filter ] --START--
INFO: ContentReplace Behavior ::run [ RunTime:0.000553s ]
INFO: TokenBuild Behavior ::run [ RunTime:0.000571s ]
INFO: WriteHtmlCache Behavior ::run [ RunTime:0.000669s ]
INFO: ShowRuntime Behavior ::run [ RunTime:0.000686s ]
INFO: [ view_filter ] --END-- [ RunTime:0.002715s ]
INFO: [ view_end ] --START--
INFO: ShowPageTrace Behavior ::run [ RunTime:0.000835s ]
INFO: [ view_end ] --END-- [ RunTime:0.000914s ]

[ 2014-10-25T12:41:52+08:00 ] 127.0.0.1 /index.php/Index/reg.html
INFO: [ route_check ] --START--
INFO: CheckRoute Behavior ::run [ RunTime:0.001090s ]
INFO: [ route_check ] --END-- [ RunTime:0.001187s ]
INFO: [ app_begin ] --START--
INFO: ReadHtmlCache Behavior ::run [ RunTime:0.000788s ]
INFO: [ app_begin ] --END-- [ RunTime:0.000869s ]
INFO: [ view_parse ] --START--
NOTIC: [8] Undefined index:  uid D:\wwwphpStudy\WWW\core\Runtime\Cache\3bfdafc7eb0e4b68f5baea7ff0f0875b.php 第 126 行.
INFO: ParseTemplate Behavior ::run [ RunTime:0.017430s ]
INFO: [ view_parse ] --END-- [ RunTime:0.017649s ]
INFO: [ view_filter ] --START--
INFO: ContentReplace Behavior ::run [ RunTime:0.000979s ]
INFO: TokenBuild Behavior ::run [ RunTime:0.000585s ]
INFO: WriteHtmlCache Behavior ::run [ RunTime:0.000676s ]
INFO: ShowRuntime Behavior ::run [ RunTime:0.000704s ]
INFO: [ view_filter ] --END-- [ RunTime:0.003141s ]
INFO: [ view_end ] --START--
INFO: ShowPageTrace Behavior ::run [ RunTime:0.000887s ]
INFO: [ view_end ] --END-- [ RunTime:0.001030s ]

[ 2014-10-25T12:42:04+08:00 ] 127.0.0.1 /index.php/Public/doreg.html
INFO: [ route_check ] --START--
INFO: CheckRoute Behavior ::run [ RunTime:0.001133s ]
INFO: [ route_check ] --END-- [ RunTime:0.001232s ]
INFO: [ app_begin ] --START--
INFO: ReadHtmlCache Behavior ::run [ RunTime:0.000794s ]
INFO: [ app_begin ] --END-- [ RunTime:0.000875s ]
INFO: [ view_parse ] --START--
INFO: ParseTemplate Behavior ::run [ RunTime:0.011954s ]
INFO: [ view_parse ] --END-- [ RunTime:0.012055s ]
INFO: [ view_filter ] --START--
INFO: ContentReplace Behavior ::run [ RunTime:0.000817s ]
INFO: TokenBuild Behavior ::run [ RunTime:0.000582s ]
INFO: WriteHtmlCache Behavior ::run [ RunTime:0.000673s ]
INFO: ShowRuntime Behavior ::run [ RunTime:0.000682s ]
INFO: [ view_filter ] --END-- [ RunTime:0.002964s ]
INFO: [ view_end ] --START--
INFO: ShowPageTrace Behavior ::run [ RunTime:0.000834s ]
INFO: [ view_end ] --END-- [ RunTime:0.000904s ]

